<?xml version="1.0" encoding="UTF-8"?>
<testng-results ignored="0" total="2" passed="1" failed="1" skipped="0">
  <reporter-output>
  </reporter-output>
  <suite started-at="2026-03-31T07:20:16 UTC" name="Default suite" finished-at="2026-03-31T07:20:27 UTC" duration-ms="11250">
    <groups>
    </groups>
    <test started-at="2026-03-31T07:20:16 UTC" name="Default test" finished-at="2026-03-31T07:20:27 UTC" duration-ms="11250">
      <class name="tests_.LoginTest">
        <test-method is-config="true" signature="setupReport()[pri:0, instance:tests_.LoginTest@385c9627]" started-at="2026-03-31T07:20:15 UTC" name="setupReport" finished-at="2026-03-31T07:20:16 UTC" duration-ms="776" status="PASS">
          <reporter-output>
          </reporter-output>
        </test-method> <!-- setupReport -->
        <test-method is-config="true" signature="setup()[pri:0, instance:tests_.LoginTest@385c9627]" started-at="2026-03-31T07:20:16 UTC" name="setup" finished-at="2026-03-31T07:20:20 UTC" duration-ms="4527" status="PASS">
          <reporter-output>
          </reporter-output>
        </test-method> <!-- setup -->
        <test-method signature="testValidLogin()[pri:0, instance:tests_.LoginTest@385c9627]" started-at="2026-03-31T07:20:20 UTC" name="testValidLogin" finished-at="2026-03-31T07:20:21 UTC" duration-ms="1099" status="PASS">
          <reporter-output>
          </reporter-output>
        </test-method> <!-- testValidLogin -->
        <test-method is-config="true" signature="teardown(org.testng.ITestResult)[pri:0, instance:tests_.LoginTest@385c9627]" started-at="2026-03-31T07:20:21 UTC" name="teardown" finished-at="2026-03-31T07:20:22 UTC" duration-ms="541" status="PASS">
          <params>
            <param index="0">
              <value>
                <![CDATA[[TestResult name=testValidLogin status=SUCCESS method=LoginTest.testValidLogin()[pri:0, instance:tests_.LoginTest@385c9627] output={null}]]]>
              </value>
            </param>
          </params>
          <reporter-output>
          </reporter-output>
        </test-method> <!-- teardown -->
        <test-method is-config="true" signature="setup()[pri:0, instance:tests_.LoginTest@385c9627]" started-at="2026-03-31T07:20:22 UTC" name="setup" finished-at="2026-03-31T07:20:25 UTC" duration-ms="2588" status="PASS">
          <reporter-output>
          </reporter-output>
        </test-method> <!-- setup -->
        <test-method signature="testWithInvalidTitle()[pri:0, instance:tests_.LoginTest@385c9627]" started-at="2026-03-31T07:20:25 UTC" name="testWithInvalidTitle" finished-at="2026-03-31T07:20:26 UTC" duration-ms="1579" status="FAIL">
          <exception class="java.lang.AssertionError">
            <message>
              <![CDATA[expected [Swag Labs 776] but found [Swag Labs]]]>
            </message>
            <full-stacktrace>
              <![CDATA[java.lang.AssertionError: expected [Swag Labs 776] but found [Swag Labs]
at org.testng.Assert.fail(Assert.java:111)
at org.testng.Assert.failNotEquals(Assert.java:1590)
at org.testng.Assert.assertEqualsImpl(Assert.java:150)
at org.testng.Assert.assertEquals(Assert.java:132)
at org.testng.Assert.assertEquals(Assert.java:656)
at org.testng.Assert.assertEquals(Assert.java:666)
at tests_.LoginTest.testWithInvalidTitle(LoginTest.java:63)
at java.base/jdk.internal.reflect.DirectMethodHandleAccessor.invoke(DirectMethodHandleAccessor.java:103)
at java.base/java.lang.reflect.Method.invoke(Method.java:580)
at org.testng.internal.invokers.MethodInvocationHelper.invokeMethod(MethodInvocationHelper.java:141)
at org.testng.internal.invokers.TestInvoker.invokeMethod(TestInvoker.java:697)
at org.testng.internal.invokers.TestInvoker.invokeTestMethod(TestInvoker.java:230)
at org.testng.internal.invokers.MethodRunner.runInSequence(MethodRunner.java:63)
at org.testng.internal.invokers.TestInvoker$MethodInvocationAgent.invoke(TestInvoker.java:1005)
at org.testng.internal.invokers.TestInvoker.invokeTestMethods(TestInvoker.java:203)
at org.testng.internal.invokers.TestMethodWorker.invokeTestMethods(TestMethodWorker.java:154)
at org.testng.internal.invokers.TestMethodWorker.run(TestMethodWorker.java:134)
at java.base/java.util.ArrayList.forEach(ArrayList.java:1596)
at org.testng.TestRunner.privateRun(TestRunner.java:744)
at org.testng.TestRunner.run(TestRunner.java:616)
at org.testng.SuiteRunner.runTest(SuiteRunner.java:421)
at org.testng.SuiteRunner.runSequentially(SuiteRunner.java:413)
at org.testng.SuiteRunner.privateRun(SuiteRunner.java:373)
at org.testng.SuiteRunner.run(SuiteRunner.java:312)
at org.testng.SuiteRunnerWorker.runSuite(SuiteRunnerWorker.java:52)
at org.testng.SuiteRunnerWorker.run(SuiteRunnerWorker.java:95)
at org.testng.TestNG.runSuitesSequentially(TestNG.java:1274)
at org.testng.TestNG.runSuitesLocally(TestNG.java:1208)
at org.testng.TestNG.runSuites(TestNG.java:1112)
at org.testng.TestNG.run(TestNG.java:1079)
at org.testng.remote.AbstractRemoteTestNG.run(AbstractRemoteTestNG.java:115)
at org.testng.remote.RemoteTestNG.initAndRun(RemoteTestNG.java:293)
at org.testng.remote.RemoteTestNG.main(RemoteTestNG.java:91)
]]>
            </full-stacktrace>
          </exception> <!-- java.lang.AssertionError -->
          <reporter-output>
          </reporter-output>
        </test-method> <!-- testWithInvalidTitle -->
        <test-method is-config="true" signature="teardown(org.testng.ITestResult)[pri:0, instance:tests_.LoginTest@385c9627]" started-at="2026-03-31T07:20:26 UTC" name="teardown" finished-at="2026-03-31T07:20:27 UTC" duration-ms="808" status="PASS">
          <params>
            <param index="0">
              <value>
                <![CDATA[[TestResult name=testWithInvalidTitle status=FAILURE method=LoginTest.testWithInvalidTitle()[pri:0, instance:tests_.LoginTest@385c9627] output={null}]]]>
              </value>
            </param>
          </params>
          <reporter-output>
          </reporter-output>
        </test-method> <!-- teardown -->
        <test-method is-config="true" signature="tearDownReport()[pri:0, instance:tests_.LoginTest@385c9627]" started-at="2026-03-31T07:20:27 UTC" name="tearDownReport" finished-at="2026-03-31T07:20:28 UTC" duration-ms="868" status="PASS">
          <reporter-output>
          </reporter-output>
        </test-method> <!-- tearDownReport -->
      </class> <!-- tests_.LoginTest -->
    </test> <!-- Default test -->
  </suite> <!-- Default suite -->
</testng-results>
